<?xml version="1.0" encoding="UTF-8"?>
<!-- Generated by org.testng.reporters.JUnitReportReporter -->
<testsuite hostname="bhagyak" failures="0" tests="2" name="testngTestcases.Testcase1" time="0.020" errors="0" timestamp="2024-12-21T14:42:12 IST" skipped="0">
  <testcase classname="testngTestcases.Testcase1" name="doUserReg" time="0.015"/>
  <testcase classname="testngTestcases.Testcase1" name="doLogin" time="0.005"/>
</testsuite> <!-- testngTestcases.Testcase1 -->
