<?xml version="1.0" encoding="UTF-8"?>
<!-- Generated by org.testng.reporters.JUnitReportReporter -->
<testsuite hostname="bhagyak" failures="0" tests="1" name="testngTestcases.Testcase1" time="0.012" errors="0" timestamp="2024-12-10T17:26:27 IST" skipped="0">
  <testcase classname="testngTestcases.Testcase1" name="doLogin" time="0.012"/>
</testsuite> <!-- testngTestcases.Testcase1 -->
