<?xml version="1.0" encoding="UTF-8"?>
<!-- Generated by org.testng.reporters.JUnitReportReporter -->
<testsuite hostname="bhagyak" failures="0" tests="3" name="testngTestcases.FacebookLogin" time="14.321" errors="0" timestamp="2024-12-22T09:07:45 IST" skipped="0">
  <testcase classname="testngTestcases.FacebookLogin" name="doFbLogin" time="5.263"/>
  <testcase classname="testngTestcases.FacebookLogin" name="doFbLogin" time="4.209"/>
  <testcase classname="testngTestcases.FacebookLogin" name="doFbLogin" time="4.849"/>
</testsuite> <!-- testngTestcases.FacebookLogin -->
