<?xml version="1.0" encoding="UTF-8"?>
<!-- Generated by org.testng.reporters.JUnitReportReporter -->
<testsuite hostname="bhagyak" failures="0" tests="5" name="testngTestcases.GroupsDemo" time="0.007" errors="0" timestamp="2024-12-22T07:37:46 IST" skipped="0">
  <testcase classname="testngTestcases.GroupsDemo" name="car" time="0.000">
    <system-out>
      <![CDATA[Test case has been started: car
Test case has been passed: car]]>
    </system-out>
  </testcase> <!-- car -->
  <testcase classname="testngTestcases.GroupsDemo" name="dog" time="0.002">
    <system-out>
      <![CDATA[Test case has been started: dog
Test case has been passed: dog]]>
    </system-out>
  </testcase> <!-- dog -->
  <testcase classname="testngTestcases.GroupsDemo" name="cycle" time="0.002">
    <system-out>
      <![CDATA[Test case has been started: cycle
Test case has been passed: cycle]]>
    </system-out>
  </testcase> <!-- cycle -->
  <testcase classname="testngTestcases.GroupsDemo" name="bike" time="0.001">
    <system-out>
      <![CDATA[Test case has been started: bike
Test case has been passed: bike]]>
    </system-out>
  </testcase> <!-- bike -->
  <testcase classname="testngTestcases.GroupsDemo" name="cat" time="0.002">
    <system-out>
      <![CDATA[Test case has been started: cat
Test case has been passed: cat]]>
    </system-out>
  </testcase> <!-- cat -->
  <system-out>
    <![CDATA[Test case has been started: doUserReg
Test case has been passed: doUserReg
Test case has been started: doLogin
Test case has been passed: doLogin
Test case has been started: launchingBrowser
Test case has been failed: launchingBrowser
<a href="C:\Users\91733\OneDrive\Desktop\nw.jpg" target="_blank">ScreenshotLInk</a>
Test case has been started: bike
Test case has been passed: bike
Test case has been started: car
Test case has been passed: car
Test case has been started: cat
Test case has been passed: cat
Test case has been started: cycle
Test case has been passed: cycle
Test case has been started: dog
Test case has been passed: dog]]>
  </system-out>
</testsuite> <!-- testngTestcases.GroupsDemo -->
