<?xml version="1.0" encoding="UTF-8"?>
<!-- Generated by org.testng.reporters.JUnitReportReporter -->
<testsuite hostname="bhagyak" failures="0" tests="3" name="testngTestcases.BrowserCompatibility" time="38.663" errors="0" timestamp="2024-12-21T15:03:26 IST" skipped="0">
  <testcase classname="testngTestcases.BrowserCompatibility" name="openBrowser" time="11.535"/>
  <testcase classname="testngTestcases.BrowserCompatibility" name="openBrowser" time="10.789"/>
  <testcase classname="testngTestcases.BrowserCompatibility" name="openBrowser" time="16.339"/>
</testsuite> <!-- testngTestcases.BrowserCompatibility -->
