<?xml version="1.0" encoding="UTF-8"?>
<!-- Generated by org.testng.reporters.JUnitReportReporter -->
<testsuite hostname="bhagyak" failures="0" tests="2" name="testngTestcases.Testcase1" time="0.011" errors="0" timestamp="2024-12-22T07:37:46 IST" skipped="0">
  <testcase classname="testngTestcases.Testcase1" name="doUserReg" time="0.009">
    <system-out>
      <![CDATA[Test case has been started: doUserReg
Test case has been passed: doUserReg]]>
    </system-out>
  </testcase> <!-- doUserReg -->
  <testcase classname="testngTestcases.Testcase1" name="doLogin" time="0.002">
    <system-out>
      <![CDATA[Test case has been started: doLogin
Test case has been passed: doLogin]]>
    </system-out>
  </testcase> <!-- doLogin -->
  <system-out>
    <![CDATA[Test case has been started: doUserReg
Test case has been passed: doUserReg
Test case has been started: doLogin
Test case has been passed: doLogin
Test case has been started: launchingBrowser
Test case has been failed: launchingBrowser
<a href="C:\Users\91733\OneDrive\Desktop\nw.jpg" target="_blank">ScreenshotLInk</a>
Test case has been started: bike
Test case has been passed: bike
Test case has been started: car
Test case has been passed: car
Test case has been started: cat
Test case has been passed: cat
Test case has been started: cycle
Test case has been passed: cycle
Test case has been started: dog
Test case has been passed: dog]]>
  </system-out>
</testsuite> <!-- testngTestcases.Testcase1 -->
