<?xml version="1.0" encoding="UTF-8"?>
<!-- Generated by org.testng.reporters.JUnitReportReporter -->
<testsuite hostname="bhagyak" failures="0" tests="3" name="testngTestcases.seleniumgrid" time="37.048" errors="0" timestamp="2025-01-10T12:11:18 IST" skipped="0">
  <testcase classname="testngTestcases.seleniumgrid" name="openBrowser" time="9.714"/>
  <testcase classname="testngTestcases.seleniumgrid" name="openBrowser" time="18.353"/>
  <testcase classname="testngTestcases.seleniumgrid" name="openBrowser" time="8.981"/>
</testsuite> <!-- testngTestcases.seleniumgrid -->
